<?xml version="1.0" encoding="UTF-8"?>
<coverage generated="1556607786282" clover="3.2.0">
  <project timestamp="1556607786282" name="All files">
    <metrics statements="55" coveredstatements="23" conditionals="6" coveredconditionals="2" methods="27" coveredmethods="8" elements="88" coveredelements="33" complexity="0" loc="55" ncloc="55" packages="3" files="3" classes="3">
      <package name="CampaignPage">
        <metrics statements="34" coveredstatements="17" conditionals="4" coveredconditionals="1" methods="13" coveredmethods="5"/>
        <file name="Campaign.jsx" path="/Users/lzcheung/Documents/Capstone/DnDCapstone/dmsite/frontend/src/CampaignPage/Campaign.jsx">
          <metrics statements="34" coveredstatements="17" conditionals="4" coveredconditionals="1" methods="13" coveredmethods="5"/>
          <line num="8" count="1" type="stmt"/>
          <line num="9" count="1" type="stmt"/>
          <line num="10" count="1" type="stmt"/>
          <line num="14" count="1" type="stmt"/>
          <line num="15" count="1" type="stmt"/>
          <line num="23" count="1" type="stmt"/>
          <line num="24" count="1" type="stmt"/>
          <line num="25" count="1" type="stmt"/>
          <line num="29" count="0" type="stmt"/>
          <line num="36" count="1" type="stmt"/>
          <line num="38" count="0" type="stmt"/>
          <line num="39" count="0" type="stmt"/>
          <line num="43" count="0" type="stmt"/>
          <line num="49" count="0" type="stmt"/>
          <line num="55" count="0" type="stmt"/>
          <line num="56" count="0" type="stmt"/>
          <line num="57" count="0" type="stmt"/>
          <line num="58" count="0" type="stmt"/>
          <line num="59" count="0" type="stmt"/>
          <line num="63" count="0" type="cond" truecount="0" falsecount="2"/>
          <line num="64" count="0" type="stmt"/>
          <line num="66" count="0" type="stmt"/>
          <line num="71" count="1" type="cond" truecount="1" falsecount="1"/>
          <line num="72" count="0" type="stmt"/>
          <line num="76" count="1" type="stmt"/>
          <line num="80" count="1" type="stmt"/>
          <line num="81" count="1" type="stmt"/>
          <line num="82" count="1" type="stmt"/>
          <line num="83" count="1" type="stmt"/>
          <line num="84" count="0" type="stmt"/>
          <line num="85" count="0" type="stmt"/>
          <line num="87" count="0" type="stmt"/>
          <line num="94" count="1" type="stmt"/>
          <line num="98" count="1" type="stmt"/>
        </file>
      </package>
      <package name="Model">
        <metrics statements="12" coveredstatements="0" conditionals="0" coveredconditionals="0" methods="9" coveredmethods="0"/>
        <file name="FileObject.js" path="/Users/lzcheung/Documents/Capstone/DnDCapstone/dmsite/frontend/src/Model/FileObject.js">
          <metrics statements="12" coveredstatements="0" conditionals="0" coveredconditionals="0" methods="9" coveredmethods="0"/>
          <line num="3" count="0" type="stmt"/>
          <line num="4" count="0" type="stmt"/>
          <line num="5" count="0" type="stmt"/>
          <line num="6" count="0" type="stmt"/>
          <line num="10" count="0" type="stmt"/>
          <line num="14" count="0" type="stmt"/>
          <line num="18" count="0" type="stmt"/>
          <line num="22" count="0" type="stmt"/>
          <line num="26" count="0" type="stmt"/>
          <line num="30" count="0" type="stmt"/>
          <line num="34" count="0" type="stmt"/>
          <line num="38" count="0" type="stmt"/>
        </file>
      </package>
      <package name="home.ClassificationColumn">
        <metrics statements="9" coveredstatements="6" conditionals="2" coveredconditionals="1" methods="5" coveredmethods="3"/>
        <file name="ClassificationColumn.jsx" path="/Users/lzcheung/Documents/Capstone/DnDCapstone/dmsite/frontend/src/home/ClassificationColumn/ClassificationColumn.jsx">
          <metrics statements="9" coveredstatements="6" conditionals="2" coveredconditionals="1" methods="5" coveredmethods="3"/>
          <line num="11" count="0" type="stmt"/>
          <line num="16" count="1" type="cond" truecount="1" falsecount="1"/>
          <line num="17" count="1" type="stmt"/>
          <line num="19" count="0" type="stmt"/>
          <line num="23" count="2" type="stmt"/>
          <line num="25" count="2" type="stmt"/>
          <line num="26" count="0" type="stmt"/>
          <line num="38" count="2" type="stmt"/>
          <line num="63" count="1" type="stmt"/>
        </file>
      </package>
    </metrics>
  </project>
</coverage>
