<?xml version="1.0" encoding="UTF-8"?>
<coverage generated="1551812527024" clover="3.2.0">
  <project timestamp="1551812527024" name="All files">
    <metrics statements="126" coveredstatements="34" conditionals="25" coveredconditionals="2" methods="48" coveredmethods="6" elements="199" coveredelements="42" complexity="0" loc="126" ncloc="126" packages="4" files="8" classes="8">
      <package name="CampaignPage">
        <metrics statements="4" coveredstatements="1" conditionals="0" coveredconditionals="0" methods="4" coveredmethods="1"/>
        <file name="Campaign.jsx" path="C:\Users\Larry\Desktop\DNDProj\DnDCapstone\dmsite\frontend\src\CampaignPage\Campaign.jsx">
          <metrics statements="4" coveredstatements="1" conditionals="0" coveredconditionals="0" methods="4" coveredmethods="1"/>
          <line num="9" count="2" type="stmt"/>
          <line num="16" count="0" type="stmt"/>
          <line num="17" count="0" type="stmt"/>
          <line num="18" count="0" type="stmt"/>
        </file>
      </package>
      <package name="Header">
        <metrics statements="30" coveredstatements="9" conditionals="4" coveredconditionals="0" methods="14" coveredmethods="0"/>
        <file name="Header.jsx" path="C:\Users\Larry\Desktop\DNDProj\DnDCapstone\dmsite\frontend\src\Header\Header.jsx">
          <metrics statements="4" coveredstatements="1" conditionals="2" coveredconditionals="0" methods="1" coveredmethods="0"/>
          <line num="14" count="0" type="stmt"/>
          <line num="15" count="0" type="stmt"/>
          <line num="16" count="0" type="stmt"/>
          <line num="34" count="1" type="stmt"/>
        </file>
        <file name="LoginHeader.jsx" path="C:\Users\Larry\Desktop\DNDProj\DnDCapstone\dmsite\frontend\src\Header\LoginHeader.jsx">
          <metrics statements="2" coveredstatements="1" conditionals="0" coveredconditionals="0" methods="1" coveredmethods="0"/>
          <line num="4" count="1" type="stmt"/>
          <line num="5" count="0" type="stmt"/>
        </file>
        <file name="StandardHeader.jsx" path="C:\Users\Larry\Desktop\DNDProj\DnDCapstone\dmsite\frontend\src\Header\StandardHeader.jsx">
          <metrics statements="24" coveredstatements="7" conditionals="2" coveredconditionals="0" methods="12" coveredmethods="0"/>
          <line num="18" count="1" type="stmt"/>
          <line num="19" count="1" type="stmt"/>
          <line num="20" count="1" type="stmt"/>
          <line num="21" count="1" type="stmt"/>
          <line num="23" count="1" type="stmt"/>
          <line num="31" count="0" type="stmt"/>
          <line num="33" count="0" type="stmt"/>
          <line num="41" count="0" type="stmt"/>
          <line num="45" count="0" type="stmt"/>
          <line num="46" count="0" type="stmt"/>
          <line num="47" count="0" type="stmt"/>
          <line num="54" count="0" type="stmt"/>
          <line num="55" count="0" type="stmt"/>
          <line num="56" count="0" type="stmt"/>
          <line num="69" count="0" type="stmt"/>
          <line num="79" count="0" type="stmt"/>
          <line num="88" count="0" type="stmt"/>
          <line num="89" count="0" type="stmt"/>
          <line num="115" count="0" type="stmt"/>
          <line num="125" count="0" type="stmt"/>
          <line num="147" count="0" type="stmt"/>
          <line num="172" count="1" type="stmt"/>
          <line num="178" count="1" type="stmt"/>
          <line num="179" count="0" type="stmt"/>
        </file>
      </package>
      <package name="Profile">
        <metrics statements="35" coveredstatements="9" conditionals="17" coveredconditionals="2" methods="13" coveredmethods="5"/>
        <file name="FormErrors.js" path="C:\Users\Larry\Desktop\DNDProj\DnDCapstone\dmsite\frontend\src\Profile\FormErrors.js">
          <metrics statements="5" coveredstatements="4" conditionals="2" coveredconditionals="1" methods="2" coveredmethods="2"/>
          <line num="3" count="1" type="stmt"/>
          <line num="4" count="1" type="stmt"/>
          <line num="6" count="3" type="cond" truecount="1" falsecount="1"/>
          <line num="7" count="0" type="stmt"/>
          <line num="11" count="3" type="stmt"/>
        </file>
        <file name="ProfileComponent.jsx" path="C:\Users\Larry\Desktop\DNDProj\DnDCapstone\dmsite\frontend\src\Profile\ProfileComponent.jsx">
          <metrics statements="30" coveredstatements="5" conditionals="15" coveredconditionals="1" methods="11" coveredmethods="3"/>
          <line num="12" count="1" type="stmt"/>
          <line num="13" count="1" type="stmt"/>
          <line num="14" count="1" type="stmt"/>
          <line num="28" count="0" type="stmt"/>
          <line num="29" count="0" type="stmt"/>
          <line num="30" count="0" type="stmt"/>
          <line num="31" count="0" type="stmt"/>
          <line num="35" count="0" type="stmt"/>
          <line num="36" count="0" type="stmt"/>
          <line num="37" count="0" type="stmt"/>
          <line num="38" count="0" type="stmt"/>
          <line num="41" count="0" type="cond" truecount="0" falsecount="4"/>
          <line num="43" count="0" type="stmt"/>
          <line num="44" count="0" type="cond" truecount="0" falsecount="2"/>
          <line num="45" count="0" type="stmt"/>
          <line num="47" count="0" type="stmt"/>
          <line num="48" count="0" type="cond" truecount="0" falsecount="2"/>
          <line num="49" count="0" type="stmt"/>
          <line num="51" count="0" type="stmt"/>
          <line num="52" count="0" type="cond" truecount="0" falsecount="2"/>
          <line num="53" count="0" type="stmt"/>
          <line num="55" count="0" type="stmt"/>
          <line num="57" count="0" type="stmt"/>
          <line num="65" count="0" type="stmt"/>
          <line num="66" count="0" type="stmt"/>
          <line num="73" count="0" type="cond" truecount="0" falsecount="3"/>
          <line num="77" count="3" type="cond" truecount="1" falsecount="1"/>
          <line num="81" count="1" type="stmt"/>
          <line num="125" count="0" type="stmt"/>
          <line num="126" count="0" type="stmt"/>
        </file>
      </package>
      <package name="store.actions">
        <metrics statements="57" coveredstatements="15" conditionals="4" coveredconditionals="0" methods="17" coveredmethods="0"/>
        <file name="actionTypes.js" path="C:\Users\Larry\Desktop\DNDProj\DnDCapstone\dmsite\frontend\src\store\actions\actionTypes.js">
          <metrics statements="4" coveredstatements="4" conditionals="0" coveredconditionals="0" methods="0" coveredmethods="0"/>
          <line num="1" count="1" type="stmt"/>
          <line num="2" count="1" type="stmt"/>
          <line num="3" count="1" type="stmt"/>
          <line num="4" count="1" type="stmt"/>
        </file>
        <file name="auth.js" path="C:\Users\Larry\Desktop\DNDProj\DnDCapstone\dmsite\frontend\src\store\actions\auth.js">
          <metrics statements="53" coveredstatements="11" conditionals="4" coveredconditionals="0" methods="17" coveredmethods="0"/>
          <line num="4" count="1" type="stmt"/>
          <line num="5" count="1" type="stmt"/>
          <line num="6" count="1" type="stmt"/>
          <line num="9" count="1" type="stmt"/>
          <line num="10" count="0" type="stmt"/>
          <line num="15" count="1" type="stmt"/>
          <line num="16" count="0" type="stmt"/>
          <line num="22" count="1" type="stmt"/>
          <line num="23" count="0" type="stmt"/>
          <line num="29" count="1" type="stmt"/>
          <line num="30" count="0" type="stmt"/>
          <line num="31" count="0" type="stmt"/>
          <line num="32" count="0" type="stmt"/>
          <line num="37" count="1" type="stmt"/>
          <line num="38" count="0" type="stmt"/>
          <line num="39" count="0" type="stmt"/>
          <line num="40" count="0" type="stmt"/>
          <line num="45" count="1" type="stmt"/>
          <line num="46" count="0" type="stmt"/>
          <line num="47" count="0" type="stmt"/>
          <line num="48" count="0" type="stmt"/>
          <line num="49" count="0" type="stmt"/>
          <line num="51" count="0" type="stmt"/>
          <line num="56" count="0" type="stmt"/>
          <line num="57" count="0" type="stmt"/>
          <line num="58" count="0" type="stmt"/>
          <line num="59" count="0" type="stmt"/>
          <line num="60" count="0" type="stmt"/>
          <line num="61" count="0" type="stmt"/>
          <line num="64" count="0" type="stmt"/>
          <line num="69" count="1" type="stmt"/>
          <line num="70" count="0" type="stmt"/>
          <line num="71" count="0" type="stmt"/>
          <line num="72" count="0" type="stmt"/>
          <line num="73" count="0" type="stmt"/>
          <line num="75" count="0" type="stmt"/>
          <line num="81" count="0" type="stmt"/>
          <line num="83" count="0" type="stmt"/>
          <line num="84" count="0" type="stmt"/>
          <line num="85" count="0" type="stmt"/>
          <line num="86" count="0" type="stmt"/>
          <line num="87" count="0" type="stmt"/>
          <line num="90" count="0" type="stmt"/>
          <line num="95" count="1" type="stmt"/>
          <line num="96" count="0" type="stmt"/>
          <line num="97" count="0" type="stmt"/>
          <line num="98" count="0" type="cond" truecount="0" falsecount="2"/>
          <line num="99" count="0" type="stmt"/>
          <line num="101" count="0" type="stmt"/>
          <line num="102" count="0" type="cond" truecount="0" falsecount="2"/>
          <line num="103" count="0" type="stmt"/>
          <line num="105" count="0" type="stmt"/>
          <line num="106" count="0" type="stmt"/>
        </file>
      </package>
    </metrics>
  </project>
</coverage>
