{"C:\\Users\\Larry\\Desktop\\DNDProj\\DnDCapstone\\dmsite\\frontend\\src\\CampaignPage\\Campaign.jsx": {"path":"C:\\Users\\Larry\\Desktop\\DNDProj\\DnDCapstone\\dmsite\\frontend\\src\\CampaignPage\\Campaign.jsx","statementMap":{"0":{"start":{"line":9,"column":4},"end":{"line":25,"column":6}},"1":{"start":{"line":16,"column":48},"end":{"line":16,"column":81}},"2":{"start":{"line":17,"column":48},"end":{"line":17,"column":81}},"3":{"start":{"line":18,"column":48},"end":{"line":18,"column":81}}},"fnMap":{"0":{"name":"(anonymous_0)","decl":{"start":{"line":8,"column":2},"end":{"line":8,"column":3}},"loc":{"start":{"line":8,"column":11},"end":{"line":26,"column":3}},"line":8},"1":{"name":"(anonymous_1)","decl":{"start":{"line":16,"column":40},"end":{"line":16,"column":41}},"loc":{"start":{"line":16,"column":46},"end":{"line":16,"column":83}},"line":16},"2":{"name":"(anonymous_2)","decl":{"start":{"line":17,"column":40},"end":{"line":17,"column":41}},"loc":{"start":{"line":17,"column":46},"end":{"line":17,"column":83}},"line":17},"3":{"name":"(anonymous_3)","decl":{"start":{"line":18,"column":40},"end":{"line":18,"column":41}},"loc":{"start":{"line":18,"column":46},"end":{"line":18,"column":83}},"line":18}},"branchMap":{},"s":{"0":1,"1":0,"2":0,"3":0},"f":{"0":1,"1":0,"2":0,"3":0},"b":{},"_coverageSchema":"332fd63041d2c1bcb487cc26dd0d5f7d97098a6c","hash":"393372bce3a3086f8d08d683ebe8277de4834a9d"}
,"C:\\Users\\Larry\\Desktop\\DNDProj\\DnDCapstone\\dmsite\\frontend\\src\\Header\\Header.jsx": {"path":"C:\\Users\\Larry\\Desktop\\DNDProj\\DnDCapstone\\dmsite\\frontend\\src\\Header\\Header.jsx","statementMap":{"0":{"start":{"line":14,"column":25},"end":{"line":14,"column":35}},"1":{"start":{"line":15,"column":22},"end":{"line":15,"column":35}},"2":{"start":{"line":16,"column":4},"end":{"line":24,"column":6}},"3":{"start":{"line":28,"column":0},"end":{"line":32,"column":2}}},"fnMap":{"0":{"name":"(anonymous_0)","decl":{"start":{"line":13,"column":2},"end":{"line":13,"column":3}},"loc":{"start":{"line":13,"column":11},"end":{"line":25,"column":3}},"line":13}},"branchMap":{"0":{"loc":{"start":{"line":19,"column":10},"end":{"line":21,"column":48}},"type":"cond-expr","locations":[{"start":{"line":20,"column":14},"end":{"line":20,"column":45}},{"start":{"line":21,"column":14},"end":{"line":21,"column":48}}],"line":19}},"s":{"0":2,"1":2,"2":2,"3":1},"f":{"0":2},"b":{"0":[0,2]},"_coverageSchema":"332fd63041d2c1bcb487cc26dd0d5f7d97098a6c","hash":"a49108a4fac173f08d98678268e38320a3f7d0e8"}
,"C:\\Users\\Larry\\Desktop\\DNDProj\\DnDCapstone\\dmsite\\frontend\\src\\Header\\LoginHeader.jsx": {"path":"C:\\Users\\Larry\\Desktop\\DNDProj\\DnDCapstone\\dmsite\\frontend\\src\\Header\\LoginHeader.jsx","statementMap":{"0":{"start":{"line":4,"column":20},"end":{"line":24,"column":1}},"1":{"start":{"line":5,"column":2},"end":{"line":23,"column":4}}},"fnMap":{"0":{"name":"(anonymous_0)","decl":{"start":{"line":4,"column":20},"end":{"line":4,"column":21}},"loc":{"start":{"line":4,"column":26},"end":{"line":24,"column":1}},"line":4}},"branchMap":{},"s":{"0":1,"1":1},"f":{"0":1},"b":{},"_coverageSchema":"332fd63041d2c1bcb487cc26dd0d5f7d97098a6c","hash":"d2d640415927a3bcb3c6b7830175df6eb437a868"}
,"C:\\Users\\Larry\\Desktop\\DNDProj\\DnDCapstone\\dmsite\\frontend\\src\\Header\\StandardHeader.jsx": {"path":"C:\\Users\\Larry\\Desktop\\DNDProj\\DnDCapstone\\dmsite\\frontend\\src\\Header\\StandardHeader.jsx","statementMap":{"0":{"start":{"line":18,"column":17},"end":{"line":18,"column":26}},"1":{"start":{"line":19,"column":19},"end":{"line":19,"column":24}},"2":{"start":{"line":20,"column":19},"end":{"line":20,"column":30}},"3":{"start":{"line":21,"column":19},"end":{"line":21,"column":25}},"4":{"start":{"line":23,"column":22},"end":{"line":27,"column":1}},"5":{"start":{"line":31,"column":4},"end":{"line":31,"column":17}},"6":{"start":{"line":33,"column":4},"end":{"line":40,"column":6}},"7":{"start":{"line":41,"column":4},"end":{"line":41,"column":53}},"8":{"start":{"line":45,"column":34},"end":{"line":45,"column":44}},"9":{"start":{"line":46,"column":4},"end":{"line":50,"column":10}},"10":{"start":{"line":47,"column":6},"end":{"line":50,"column":7}},"11":{"start":{"line":54,"column":24},"end":{"line":54,"column":34}},"12":{"start":{"line":55,"column":51},"end":{"line":55,"column":61}},"13":{"start":{"line":56,"column":4},"end":{"line":79,"column":6}},"14":{"start":{"line":74,"column":41},"end":{"line":74,"column":102}},"15":{"start":{"line":83,"column":40},"end":{"line":83,"column":50}},"16":{"start":{"line":84,"column":4},"end":{"line":106,"column":6}},"17":{"start":{"line":110,"column":4},"end":{"line":138,"column":6}},"18":{"start":{"line":120,"column":33},"end":{"line":120,"column":70}},"19":{"start":{"line":142,"column":4},"end":{"line":163,"column":6}},"20":{"start":{"line":167,"column":0},"end":{"line":171,"column":2}},"21":{"start":{"line":173,"column":27},"end":{"line":175,"column":2}},"22":{"start":{"line":173,"column":40},"end":{"line":175,"column":1}},"23":{"start":{"line":174,"column":16},"end":{"line":174,"column":42}}},"fnMap":{"0":{"name":"(anonymous_0)","decl":{"start":{"line":30,"column":2},"end":{"line":30,"column":3}},"loc":{"start":{"line":30,"column":21},"end":{"line":42,"column":3}},"line":30},"1":{"name":"(anonymous_1)","decl":{"start":{"line":44,"column":2},"end":{"line":44,"column":3}},"loc":{"start":{"line":44,"column":22},"end":{"line":51,"column":3}},"line":44},"2":{"name":"(anonymous_2)","decl":{"start":{"line":46,"column":18},"end":{"line":46,"column":19}},"loc":{"start":{"line":47,"column":6},"end":{"line":50,"column":7}},"line":47},"3":{"name":"(anonymous_3)","decl":{"start":{"line":53,"column":2},"end":{"line":53,"column":3}},"loc":{"start":{"line":53,"column":20},"end":{"line":80,"column":3}},"line":53},"4":{"name":"(anonymous_4)","decl":{"start":{"line":74,"column":20},"end":{"line":74,"column":21}},"loc":{"start":{"line":74,"column":39},"end":{"line":74,"column":104}},"line":74},"5":{"name":"(anonymous_5)","decl":{"start":{"line":82,"column":2},"end":{"line":82,"column":3}},"loc":{"start":{"line":82,"column":26},"end":{"line":107,"column":3}},"line":82},"6":{"name":"(anonymous_6)","decl":{"start":{"line":109,"column":2},"end":{"line":109,"column":3}},"loc":{"start":{"line":109,"column":19},"end":{"line":139,"column":3}},"line":109},"7":{"name":"(anonymous_7)","decl":{"start":{"line":120,"column":25},"end":{"line":120,"column":26}},"loc":{"start":{"line":120,"column":31},"end":{"line":120,"column":72}},"line":120},"8":{"name":"(anonymous_8)","decl":{"start":{"line":141,"column":2},"end":{"line":141,"column":3}},"loc":{"start":{"line":141,"column":11},"end":{"line":164,"column":3}},"line":141},"9":{"name":"(anonymous_9)","decl":{"start":{"line":173,"column":27},"end":{"line":173,"column":28}},"loc":{"start":{"line":173,"column":40},"end":{"line":175,"column":1}},"line":173},"10":{"name":"(anonymous_10)","decl":{"start":{"line":174,"column":10},"end":{"line":174,"column":11}},"loc":{"start":{"line":174,"column":16},"end":{"line":174,"column":42}},"line":174}},"branchMap":{"0":{"loc":{"start":{"line":87,"column":10},"end":{"line":103,"column":13}},"type":"cond-expr","locations":[{"start":{"line":88,"column":15},"end":{"line":96,"column":13}},{"start":{"line":99,"column":14},"end":{"line":101,"column":25}}],"line":87}},"s":{"0":1,"1":1,"2":1,"3":1,"4":1,"5":0,"6":0,"7":0,"8":0,"9":0,"10":0,"11":0,"12":0,"13":0,"14":0,"15":0,"16":0,"17":0,"18":0,"19":0,"20":1,"21":1,"22":0,"23":0},"f":{"0":0,"1":0,"2":0,"3":0,"4":0,"5":0,"6":0,"7":0,"8":0,"9":0,"10":0},"b":{"0":[0,0]},"_coverageSchema":"332fd63041d2c1bcb487cc26dd0d5f7d97098a6c","hash":"dd0ecd78549761e26c2027b234866105a34fd2de"}
,"C:\\Users\\Larry\\Desktop\\DNDProj\\DnDCapstone\\dmsite\\frontend\\src\\Profile\\FormErrors.js": {"path":"C:\\Users\\Larry\\Desktop\\DNDProj\\DnDCapstone\\dmsite\\frontend\\src\\Profile\\FormErrors.js","statementMap":{"0":{"start":{"line":3,"column":26},"end":{"line":14,"column":10}},"1":{"start":{"line":4,"column":4},"end":{"line":14,"column":10}},"2":{"start":{"line":6,"column":12},"end":{"line":12,"column":13}},"3":{"start":{"line":7,"column":16},"end":{"line":9,"column":17}},"4":{"start":{"line":11,"column":16},"end":{"line":11,"column":26}}},"fnMap":{"0":{"name":"(anonymous_0)","decl":{"start":{"line":3,"column":26},"end":{"line":3,"column":27}},"loc":{"start":{"line":4,"column":4},"end":{"line":14,"column":10}},"line":4},"1":{"name":"(anonymous_1)","decl":{"start":{"line":5,"column":37},"end":{"line":5,"column":38}},"loc":{"start":{"line":5,"column":55},"end":{"line":13,"column":9}},"line":5}},"branchMap":{"0":{"loc":{"start":{"line":6,"column":12},"end":{"line":12,"column":13}},"type":"if","locations":[{"start":{"line":6,"column":12},"end":{"line":12,"column":13}},{"start":{"line":6,"column":12},"end":{"line":12,"column":13}}],"line":6}},"s":{"0":1,"1":1,"2":3,"3":0,"4":3},"f":{"0":1,"1":3},"b":{"0":[0,3]},"_coverageSchema":"332fd63041d2c1bcb487cc26dd0d5f7d97098a6c","hash":"eeb926ea219298d7e5f6d362553c9583adcdf073"}
,"C:\\Users\\Larry\\Desktop\\DNDProj\\DnDCapstone\\dmsite\\frontend\\src\\Profile\\ProfileComponent.jsx": {"path":"C:\\Users\\Larry\\Desktop\\DNDProj\\DnDCapstone\\dmsite\\frontend\\src\\Profile\\ProfileComponent.jsx","statementMap":{"0":{"start":{"line":12,"column":4},"end":{"line":12,"column":17}},"1":{"start":{"line":13,"column":4},"end":{"line":13,"column":41}},"2":{"start":{"line":14,"column":4},"end":{"line":24,"column":6}},"3":{"start":{"line":28,"column":17},"end":{"line":28,"column":30}},"4":{"start":{"line":29,"column":18},"end":{"line":29,"column":32}},"5":{"start":{"line":30,"column":4},"end":{"line":31,"column":51}},"6":{"start":{"line":31,"column":16},"end":{"line":31,"column":47}},"7":{"start":{"line":35,"column":32},"end":{"line":35,"column":53}},"8":{"start":{"line":36,"column":21},"end":{"line":36,"column":42}},"9":{"start":{"line":37,"column":24},"end":{"line":37,"column":48}},"10":{"start":{"line":38,"column":24},"end":{"line":38,"column":48}},"11":{"start":{"line":41,"column":4},"end":{"line":56,"column":5}},"12":{"start":{"line":43,"column":8},"end":{"line":43,"column":73}},"13":{"start":{"line":44,"column":8},"end":{"line":44,"column":70}},"14":{"start":{"line":45,"column":8},"end":{"line":45,"column":14}},"15":{"start":{"line":47,"column":8},"end":{"line":47,"column":42}},"16":{"start":{"line":48,"column":8},"end":{"line":48,"column":77}},"17":{"start":{"line":49,"column":8},"end":{"line":49,"column":14}},"18":{"start":{"line":51,"column":8},"end":{"line":51,"column":42}},"19":{"start":{"line":52,"column":8},"end":{"line":52,"column":82}},"20":{"start":{"line":53,"column":8},"end":{"line":53,"column":14}},"21":{"start":{"line":55,"column":8},"end":{"line":55,"column":14}},"22":{"start":{"line":57,"column":4},"end":{"line":61,"column":38}},"23":{"start":{"line":65,"column":28},"end":{"line":65,"column":38}},"24":{"start":{"line":66,"column":4},"end":{"line":69,"column":8}},"25":{"start":{"line":66,"column":32},"end":{"line":69,"column":5}},"26":{"start":{"line":73,"column":4},"end":{"line":73,"column":110}},"27":{"start":{"line":77,"column":4},"end":{"line":77,"column":50}},"28":{"start":{"line":81,"column":4},"end":{"line":131,"column":6}},"29":{"start":{"line":125,"column":127},"end":{"line":125,"column":160}},"30":{"start":{"line":126,"column":94},"end":{"line":126,"column":127}}},"fnMap":{"0":{"name":"(anonymous_0)","decl":{"start":{"line":11,"column":2},"end":{"line":11,"column":3}},"loc":{"start":{"line":11,"column":21},"end":{"line":25,"column":3}},"line":11},"1":{"name":"(anonymous_1)","decl":{"start":{"line":27,"column":20},"end":{"line":27,"column":21}},"loc":{"start":{"line":27,"column":27},"end":{"line":32,"column":3}},"line":27},"2":{"name":"(anonymous_2)","decl":{"start":{"line":31,"column":8},"end":{"line":31,"column":9}},"loc":{"start":{"line":31,"column":14},"end":{"line":31,"column":49}},"line":31},"3":{"name":"(anonymous_3)","decl":{"start":{"line":34,"column":2},"end":{"line":34,"column":3}},"loc":{"start":{"line":34,"column":34},"end":{"line":62,"column":1}},"line":34},"4":{"name":"(anonymous_4)","decl":{"start":{"line":64,"column":2},"end":{"line":64,"column":3}},"loc":{"start":{"line":64,"column":11},"end":{"line":70,"column":3}},"line":64},"5":{"name":"(anonymous_5)","decl":{"start":{"line":66,"column":18},"end":{"line":66,"column":19}},"loc":{"start":{"line":66,"column":32},"end":{"line":69,"column":5}},"line":66},"6":{"name":"(anonymous_6)","decl":{"start":{"line":72,"column":2},"end":{"line":72,"column":3}},"loc":{"start":{"line":72,"column":17},"end":{"line":74,"column":3}},"line":72},"7":{"name":"(anonymous_7)","decl":{"start":{"line":76,"column":2},"end":{"line":76,"column":3}},"loc":{"start":{"line":76,"column":20},"end":{"line":78,"column":3}},"line":76},"8":{"name":"(anonymous_8)","decl":{"start":{"line":80,"column":2},"end":{"line":80,"column":3}},"loc":{"start":{"line":80,"column":11},"end":{"line":132,"column":3}},"line":80},"9":{"name":"(anonymous_9)","decl":{"start":{"line":125,"column":119},"end":{"line":125,"column":120}},"loc":{"start":{"line":125,"column":125},"end":{"line":125,"column":162}},"line":125},"10":{"name":"(anonymous_10)","decl":{"start":{"line":126,"column":86},"end":{"line":126,"column":87}},"loc":{"start":{"line":126,"column":92},"end":{"line":126,"column":129}},"line":126}},"branchMap":{"0":{"loc":{"start":{"line":41,"column":4},"end":{"line":56,"column":5}},"type":"switch","locations":[{"start":{"line":42,"column":6},"end":{"line":45,"column":14}},{"start":{"line":46,"column":6},"end":{"line":49,"column":14}},{"start":{"line":50,"column":6},"end":{"line":53,"column":14}},{"start":{"line":54,"column":6},"end":{"line":55,"column":14}}],"line":41},"1":{"loc":{"start":{"line":44,"column":38},"end":{"line":44,"column":69}},"type":"cond-expr","locations":[{"start":{"line":44,"column":51},"end":{"line":44,"column":53}},{"start":{"line":44,"column":56},"end":{"line":44,"column":69}}],"line":44},"2":{"loc":{"start":{"line":48,"column":41},"end":{"line":48,"column":76}},"type":"cond-expr","locations":[{"start":{"line":48,"column":57},"end":{"line":48,"column":59}},{"start":{"line":48,"column":61},"end":{"line":48,"column":76}}],"line":48},"3":{"loc":{"start":{"line":52,"column":41},"end":{"line":52,"column":81}},"type":"cond-expr","locations":[{"start":{"line":52,"column":57},"end":{"line":52,"column":59}},{"start":{"line":52,"column":61},"end":{"line":52,"column":81}}],"line":52},"4":{"loc":{"start":{"line":73,"column":30},"end":{"line":73,"column":107}},"type":"binary-expr","locations":[{"start":{"line":73,"column":30},"end":{"line":73,"column":51}},{"start":{"line":73,"column":55},"end":{"line":73,"column":79}},{"start":{"line":73,"column":83},"end":{"line":73,"column":107}}],"line":73},"5":{"loc":{"start":{"line":77,"column":11},"end":{"line":77,"column":48}},"type":"cond-expr","locations":[{"start":{"line":77,"column":32},"end":{"line":77,"column":34}},{"start":{"line":77,"column":37},"end":{"line":77,"column":48}}],"line":77}},"s":{"0":1,"1":1,"2":1,"3":0,"4":0,"5":0,"6":0,"7":0,"8":0,"9":0,"10":0,"11":0,"12":0,"13":0,"14":0,"15":0,"16":0,"17":0,"18":0,"19":0,"20":0,"21":0,"22":0,"23":0,"24":0,"25":0,"26":0,"27":3,"28":1,"29":0,"30":0},"f":{"0":1,"1":0,"2":0,"3":0,"4":0,"5":0,"6":0,"7":3,"8":1,"9":0,"10":0},"b":{"0":[0,0,0,0],"1":[0,0],"2":[0,0],"3":[0,0],"4":[0,0,0],"5":[3,0]},"_coverageSchema":"332fd63041d2c1bcb487cc26dd0d5f7d97098a6c","hash":"81f4ce14249970a238e7a669c94ae44a62c346d1"}
,"C:\\Users\\Larry\\Desktop\\DNDProj\\DnDCapstone\\dmsite\\frontend\\src\\store\\actions\\actionTypes.js": {"path":"C:\\Users\\Larry\\Desktop\\DNDProj\\DnDCapstone\\dmsite\\frontend\\src\\store\\actions\\actionTypes.js","statementMap":{"0":{"start":{"line":1,"column":28},"end":{"line":1,"column":42}},"1":{"start":{"line":2,"column":25},"end":{"line":2,"column":36}},"2":{"start":{"line":3,"column":26},"end":{"line":3,"column":38}},"3":{"start":{"line":4,"column":27},"end":{"line":4,"column":40}}},"fnMap":{},"branchMap":{},"s":{"0":1,"1":1,"2":1,"3":1},"f":{},"b":{},"_coverageSchema":"332fd63041d2c1bcb487cc26dd0d5f7d97098a6c","hash":"c83c81adee417cb3ed0c72d39b92e15d9e8931aa"}
,"C:\\Users\\Larry\\Desktop\\DNDProj\\DnDCapstone\\dmsite\\frontend\\src\\store\\actions\\auth.js": {"path":"C:\\Users\\Larry\\Desktop\\DNDProj\\DnDCapstone\\dmsite\\frontend\\src\\store\\actions\\auth.js","statementMap":{"0":{"start":{"line":6,"column":25},"end":{"line":10,"column":1}},"1":{"start":{"line":7,"column":2},"end":{"line":9,"column":4}},"2":{"start":{"line":12,"column":27},"end":{"line":17,"column":1}},"3":{"start":{"line":13,"column":2},"end":{"line":16,"column":4}},"4":{"start":{"line":19,"column":24},"end":{"line":24,"column":1}},"5":{"start":{"line":20,"column":2},"end":{"line":23,"column":4}},"6":{"start":{"line":26,"column":22},"end":{"line":32,"column":1}},"7":{"start":{"line":27,"column":2},"end":{"line":27,"column":35}},"8":{"start":{"line":28,"column":2},"end":{"line":28,"column":44}},"9":{"start":{"line":29,"column":2},"end":{"line":31,"column":4}},"10":{"start":{"line":34,"column":32},"end":{"line":40,"column":1}},"11":{"start":{"line":35,"column":2},"end":{"line":39,"column":4}},"12":{"start":{"line":36,"column":4},"end":{"line":38,"column":30}},"13":{"start":{"line":37,"column":6},"end":{"line":37,"column":23}},"14":{"start":{"line":42,"column":25},"end":{"line":64,"column":1}},"15":{"start":{"line":43,"column":2},"end":{"line":63,"column":4}},"16":{"start":{"line":44,"column":4},"end":{"line":44,"column":26}},"17":{"start":{"line":45,"column":4},"end":{"line":45,"column":50}},"18":{"start":{"line":46,"column":4},"end":{"line":46,"column":48}},"19":{"start":{"line":48,"column":4},"end":{"line":62,"column":9}},"20":{"start":{"line":53,"column":22},"end":{"line":53,"column":34}},"21":{"start":{"line":54,"column":24},"end":{"line":54,"column":68}},"22":{"start":{"line":55,"column":8},"end":{"line":55,"column":45}},"23":{"start":{"line":56,"column":8},"end":{"line":56,"column":49}},"24":{"start":{"line":57,"column":8},"end":{"line":57,"column":37}},"25":{"start":{"line":58,"column":8},"end":{"line":58,"column":41}},"26":{"start":{"line":61,"column":8},"end":{"line":61,"column":32}},"27":{"start":{"line":66,"column":26},"end":{"line":89,"column":1}},"28":{"start":{"line":67,"column":2},"end":{"line":88,"column":4}},"29":{"start":{"line":68,"column":4},"end":{"line":68,"column":26}},"30":{"start":{"line":69,"column":4},"end":{"line":69,"column":50}},"31":{"start":{"line":70,"column":4},"end":{"line":70,"column":48}},"32":{"start":{"line":72,"column":4},"end":{"line":87,"column":9}},"33":{"start":{"line":78,"column":22},"end":{"line":78,"column":34}},"34":{"start":{"line":79,"column":24},"end":{"line":79,"column":68}},"35":{"start":{"line":80,"column":8},"end":{"line":80,"column":45}},"36":{"start":{"line":81,"column":8},"end":{"line":81,"column":49}},"37":{"start":{"line":82,"column":8},"end":{"line":82,"column":37}},"38":{"start":{"line":83,"column":8},"end":{"line":83,"column":41}},"39":{"start":{"line":86,"column":8},"end":{"line":86,"column":32}},"40":{"start":{"line":91,"column":30},"end":{"line":105,"column":1}},"41":{"start":{"line":91,"column":36},"end":{"line":105,"column":1}},"42":{"start":{"line":92,"column":16},"end":{"line":92,"column":45}},"43":{"start":{"line":93,"column":2},"end":{"line":93,"column":21}},"44":{"start":{"line":94,"column":2},"end":{"line":104,"column":3}},"45":{"start":{"line":95,"column":4},"end":{"line":95,"column":23}},"46":{"start":{"line":97,"column":20},"end":{"line":97,"column":61}},"47":{"start":{"line":98,"column":4},"end":{"line":103,"column":5}},"48":{"start":{"line":99,"column":6},"end":{"line":99,"column":25}},"49":{"start":{"line":101,"column":6},"end":{"line":101,"column":35}},"50":{"start":{"line":102,"column":6},"end":{"line":102,"column":84}}},"fnMap":{"0":{"name":"(anonymous_0)","decl":{"start":{"line":6,"column":25},"end":{"line":6,"column":26}},"loc":{"start":{"line":6,"column":31},"end":{"line":10,"column":1}},"line":6},"1":{"name":"(anonymous_1)","decl":{"start":{"line":12,"column":27},"end":{"line":12,"column":28}},"loc":{"start":{"line":12,"column":38},"end":{"line":17,"column":1}},"line":12},"2":{"name":"(anonymous_2)","decl":{"start":{"line":19,"column":24},"end":{"line":19,"column":25}},"loc":{"start":{"line":19,"column":35},"end":{"line":24,"column":1}},"line":19},"3":{"name":"(anonymous_3)","decl":{"start":{"line":26,"column":22},"end":{"line":26,"column":23}},"loc":{"start":{"line":26,"column":28},"end":{"line":32,"column":1}},"line":26},"4":{"name":"(anonymous_4)","decl":{"start":{"line":34,"column":32},"end":{"line":34,"column":33}},"loc":{"start":{"line":34,"column":52},"end":{"line":40,"column":1}},"line":34},"5":{"name":"(anonymous_5)","decl":{"start":{"line":35,"column":9},"end":{"line":35,"column":10}},"loc":{"start":{"line":35,"column":23},"end":{"line":39,"column":3}},"line":35},"6":{"name":"(anonymous_6)","decl":{"start":{"line":36,"column":15},"end":{"line":36,"column":16}},"loc":{"start":{"line":36,"column":21},"end":{"line":38,"column":5}},"line":36},"7":{"name":"(anonymous_7)","decl":{"start":{"line":42,"column":25},"end":{"line":42,"column":26}},"loc":{"start":{"line":42,"column":46},"end":{"line":64,"column":1}},"line":42},"8":{"name":"(anonymous_8)","decl":{"start":{"line":43,"column":9},"end":{"line":43,"column":10}},"loc":{"start":{"line":43,"column":23},"end":{"line":63,"column":3}},"line":43},"9":{"name":"(anonymous_9)","decl":{"start":{"line":52,"column":12},"end":{"line":52,"column":13}},"loc":{"start":{"line":52,"column":21},"end":{"line":59,"column":7}},"line":52},"10":{"name":"(anonymous_10)","decl":{"start":{"line":60,"column":13},"end":{"line":60,"column":14}},"loc":{"start":{"line":60,"column":22},"end":{"line":62,"column":7}},"line":60},"11":{"name":"(anonymous_11)","decl":{"start":{"line":66,"column":26},"end":{"line":66,"column":27}},"loc":{"start":{"line":66,"column":59},"end":{"line":89,"column":1}},"line":66},"12":{"name":"(anonymous_12)","decl":{"start":{"line":67,"column":9},"end":{"line":67,"column":10}},"loc":{"start":{"line":67,"column":23},"end":{"line":88,"column":3}},"line":67},"13":{"name":"(anonymous_13)","decl":{"start":{"line":77,"column":12},"end":{"line":77,"column":13}},"loc":{"start":{"line":77,"column":21},"end":{"line":84,"column":7}},"line":77},"14":{"name":"(anonymous_14)","decl":{"start":{"line":85,"column":13},"end":{"line":85,"column":14}},"loc":{"start":{"line":85,"column":22},"end":{"line":87,"column":7}},"line":85},"15":{"name":"(anonymous_15)","decl":{"start":{"line":91,"column":30},"end":{"line":91,"column":31}},"loc":{"start":{"line":91,"column":36},"end":{"line":105,"column":1}},"line":91},"16":{"name":"(anonymous_16)","decl":{"start":{"line":91,"column":36},"end":{"line":91,"column":37}},"loc":{"start":{"line":91,"column":50},"end":{"line":105,"column":1}},"line":91}},"branchMap":{"0":{"loc":{"start":{"line":94,"column":2},"end":{"line":104,"column":3}},"type":"if","locations":[{"start":{"line":94,"column":2},"end":{"line":104,"column":3}},{"start":{"line":94,"column":2},"end":{"line":104,"column":3}}],"line":94},"1":{"loc":{"start":{"line":98,"column":4},"end":{"line":103,"column":5}},"type":"if","locations":[{"start":{"line":98,"column":4},"end":{"line":103,"column":5}},{"start":{"line":98,"column":4},"end":{"line":103,"column":5}}],"line":98}},"s":{"0":1,"1":0,"2":1,"3":0,"4":1,"5":0,"6":1,"7":0,"8":0,"9":0,"10":1,"11":0,"12":0,"13":0,"14":1,"15":0,"16":0,"17":0,"18":0,"19":0,"20":0,"21":0,"22":0,"23":0,"24":0,"25":0,"26":0,"27":1,"28":0,"29":0,"30":0,"31":0,"32":0,"33":0,"34":0,"35":0,"36":0,"37":0,"38":0,"39":0,"40":1,"41":0,"42":0,"43":0,"44":0,"45":0,"46":0,"47":0,"48":0,"49":0,"50":0},"f":{"0":0,"1":0,"2":0,"3":0,"4":0,"5":0,"6":0,"7":0,"8":0,"9":0,"10":0,"11":0,"12":0,"13":0,"14":0,"15":0,"16":0},"b":{"0":[0,0],"1":[0,0]},"_coverageSchema":"332fd63041d2c1bcb487cc26dd0d5f7d97098a6c","hash":"715d3aef6ac338407abfd494010902f74fcbcaed"}
}
