{"/Users/lzcheung/Documents/Capstone/DnDCapstone/dmsite/frontend/src/CampaignPage/Campaign.jsx": {"path":"/Users/lzcheung/Documents/Capstone/DnDCapstone/dmsite/frontend/src/CampaignPage/Campaign.jsx","statementMap":{"0":{"start":{"line":8,"column":31},"end":{"line":8,"column":70}},"1":{"start":{"line":9,"column":28},"end":{"line":9,"column":65}},"2":{"start":{"line":10,"column":16},"end":{"line":10,"column":52}},"3":{"start":{"line":14,"column":4},"end":{"line":14,"column":12}},"4":{"start":{"line":15,"column":4},"end":{"line":21,"column":6}},"5":{"start":{"line":23,"column":4},"end":{"line":23,"column":45}},"6":{"start":{"line":24,"column":4},"end":{"line":24,"column":63}},"7":{"start":{"line":25,"column":4},"end":{"line":25,"column":53}},"8":{"start":{"line":29,"column":4},"end":{"line":32,"column":8}},"9":{"start":{"line":29,"column":32},"end":{"line":32,"column":5}},"10":{"start":{"line":36,"column":4},"end":{"line":45,"column":9}},"11":{"start":{"line":38,"column":8},"end":{"line":38,"column":55}},"12":{"start":{"line":39,"column":8},"end":{"line":44,"column":13}},"13":{"start":{"line":43,"column":12},"end":{"line":43,"column":55}},"14":{"start":{"line":49,"column":4},"end":{"line":51,"column":7}},"15":{"start":{"line":55,"column":17},"end":{"line":55,"column":19}},"16":{"start":{"line":56,"column":4},"end":{"line":56,"column":32}},"17":{"start":{"line":57,"column":4},"end":{"line":57,"column":41}},"18":{"start":{"line":58,"column":4},"end":{"line":58,"column":38}},"19":{"start":{"line":59,"column":4},"end":{"line":67,"column":7}},"20":{"start":{"line":63,"column":8},"end":{"line":66,"column":40}},"21":{"start":{"line":64,"column":12},"end":{"line":64,"column":37}},"22":{"start":{"line":66,"column":12},"end":{"line":66,"column":40}},"23":{"start":{"line":71,"column":4},"end":{"line":76,"column":18}},"24":{"start":{"line":72,"column":6},"end":{"line":74,"column":8}},"25":{"start":{"line":76,"column":6},"end":{"line":76,"column":18}},"26":{"start":{"line":80,"column":20},"end":{"line":80,"column":22}},"27":{"start":{"line":81,"column":26},"end":{"line":81,"column":36}},"28":{"start":{"line":82,"column":24},"end":{"line":82,"column":34}},"29":{"start":{"line":83,"column":4},"end":{"line":93,"column":5}},"30":{"start":{"line":84,"column":21},"end":{"line":84,"column":37}},"31":{"start":{"line":85,"column":6},"end":{"line":92,"column":8}},"32":{"start":{"line":87,"column":27},"end":{"line":87,"column":64}},"33":{"start":{"line":94,"column":4},"end":{"line":94,"column":19}},"34":{"start":{"line":98,"column":4},"end":{"line":126,"column":6}}},"fnMap":{"0":{"name":"(anonymous_0)","decl":{"start":{"line":13,"column":2},"end":{"line":13,"column":3}},"loc":{"start":{"line":13,"column":16},"end":{"line":26,"column":3}},"line":13},"1":{"name":"(anonymous_1)","decl":{"start":{"line":28,"column":2},"end":{"line":28,"column":3}},"loc":{"start":{"line":28,"column":11},"end":{"line":33,"column":3}},"line":28},"2":{"name":"(anonymous_2)","decl":{"start":{"line":29,"column":18},"end":{"line":29,"column":19}},"loc":{"start":{"line":29,"column":32},"end":{"line":32,"column":5}},"line":29},"3":{"name":"(anonymous_3)","decl":{"start":{"line":35,"column":2},"end":{"line":35,"column":3}},"loc":{"start":{"line":35,"column":22},"end":{"line":46,"column":3}},"line":35},"4":{"name":"(anonymous_4)","decl":{"start":{"line":37,"column":12},"end":{"line":37,"column":13}},"loc":{"start":{"line":37,"column":25},"end":{"line":45,"column":7}},"line":37},"5":{"name":"(anonymous_5)","decl":{"start":{"line":42,"column":16},"end":{"line":42,"column":17}},"loc":{"start":{"line":42,"column":29},"end":{"line":44,"column":11}},"line":42},"6":{"name":"(anonymous_6)","decl":{"start":{"line":48,"column":2},"end":{"line":48,"column":3}},"loc":{"start":{"line":48,"column":27},"end":{"line":52,"column":3}},"line":48},"7":{"name":"(anonymous_7)","decl":{"start":{"line":54,"column":2},"end":{"line":54,"column":3}},"loc":{"start":{"line":54,"column":22},"end":{"line":68,"column":3}},"line":54},"8":{"name":"(anonymous_8)","decl":{"start":{"line":62,"column":12},"end":{"line":62,"column":13}},"loc":{"start":{"line":62,"column":20},"end":{"line":67,"column":5}},"line":62},"9":{"name":"(anonymous_9)","decl":{"start":{"line":70,"column":2},"end":{"line":70,"column":3}},"loc":{"start":{"line":70,"column":15},"end":{"line":77,"column":3}},"line":70},"10":{"name":"(anonymous_10)","decl":{"start":{"line":79,"column":2},"end":{"line":79,"column":3}},"loc":{"start":{"line":79,"column":20},"end":{"line":95,"column":3}},"line":79},"11":{"name":"(anonymous_11)","decl":{"start":{"line":87,"column":19},"end":{"line":87,"column":20}},"loc":{"start":{"line":87,"column":25},"end":{"line":87,"column":66}},"line":87},"12":{"name":"(anonymous_12)","decl":{"start":{"line":97,"column":2},"end":{"line":97,"column":3}},"loc":{"start":{"line":97,"column":11},"end":{"line":127,"column":3}},"line":97}},"branchMap":{"0":{"loc":{"start":{"line":63,"column":8},"end":{"line":66,"column":40}},"type":"if","locations":[{"start":{"line":63,"column":8},"end":{"line":66,"column":40}},{"start":{"line":63,"column":8},"end":{"line":66,"column":40}}],"line":63},"1":{"loc":{"start":{"line":71,"column":4},"end":{"line":76,"column":18}},"type":"if","locations":[{"start":{"line":71,"column":4},"end":{"line":76,"column":18}},{"start":{"line":71,"column":4},"end":{"line":76,"column":18}}],"line":71}},"s":{"0":1,"1":1,"2":1,"3":1,"4":1,"5":1,"6":1,"7":1,"8":0,"9":0,"10":1,"11":0,"12":0,"13":0,"14":0,"15":0,"16":0,"17":0,"18":0,"19":0,"20":0,"21":0,"22":0,"23":1,"24":0,"25":1,"26":1,"27":1,"28":1,"29":1,"30":0,"31":0,"32":0,"33":1,"34":1},"f":{"0":1,"1":0,"2":0,"3":1,"4":0,"5":0,"6":0,"7":0,"8":0,"9":1,"10":1,"11":0,"12":1},"b":{"0":[0,0],"1":[0,1]},"_coverageSchema":"332fd63041d2c1bcb487cc26dd0d5f7d97098a6c","hash":"b905bdfb69b0b372e51c9f2e4e8be255f812e6a3"}
,"/Users/lzcheung/Documents/Capstone/DnDCapstone/dmsite/frontend/src/Model/FileObject.js": {"path":"/Users/lzcheung/Documents/Capstone/DnDCapstone/dmsite/frontend/src/Model/FileObject.js","statementMap":{"0":{"start":{"line":3,"column":4},"end":{"line":3,"column":22}},"1":{"start":{"line":4,"column":4},"end":{"line":4,"column":22}},"2":{"start":{"line":5,"column":4},"end":{"line":5,"column":44}},"3":{"start":{"line":6,"column":4},"end":{"line":6,"column":26}},"4":{"start":{"line":10,"column":4},"end":{"line":10,"column":22}},"5":{"start":{"line":14,"column":4},"end":{"line":14,"column":25}},"6":{"start":{"line":18,"column":4},"end":{"line":18,"column":22}},"7":{"start":{"line":22,"column":4},"end":{"line":22,"column":25}},"8":{"start":{"line":26,"column":4},"end":{"line":26,"column":33}},"9":{"start":{"line":30,"column":4},"end":{"line":30,"column":47}},"10":{"start":{"line":34,"column":4},"end":{"line":34,"column":24}},"11":{"start":{"line":38,"column":4},"end":{"line":38,"column":29}}},"fnMap":{"0":{"name":"(anonymous_0)","decl":{"start":{"line":2,"column":2},"end":{"line":2,"column":3}},"loc":{"start":{"line":2,"column":51},"end":{"line":7,"column":3}},"line":2},"1":{"name":"(anonymous_1)","decl":{"start":{"line":9,"column":2},"end":{"line":9,"column":3}},"loc":{"start":{"line":9,"column":13},"end":{"line":11,"column":3}},"line":9},"2":{"name":"(anonymous_2)","decl":{"start":{"line":13,"column":2},"end":{"line":13,"column":3}},"loc":{"start":{"line":13,"column":20},"end":{"line":15,"column":3}},"line":13},"3":{"name":"(anonymous_3)","decl":{"start":{"line":17,"column":2},"end":{"line":17,"column":3}},"loc":{"start":{"line":17,"column":13},"end":{"line":19,"column":3}},"line":17},"4":{"name":"(anonymous_4)","decl":{"start":{"line":21,"column":2},"end":{"line":21,"column":3}},"loc":{"start":{"line":21,"column":24},"end":{"line":23,"column":3}},"line":21},"5":{"name":"(anonymous_5)","decl":{"start":{"line":25,"column":2},"end":{"line":25,"column":3}},"loc":{"start":{"line":25,"column":24},"end":{"line":27,"column":3}},"line":25},"6":{"name":"(anonymous_6)","decl":{"start":{"line":29,"column":2},"end":{"line":29,"column":3}},"loc":{"start":{"line":29,"column":42},"end":{"line":31,"column":3}},"line":29},"7":{"name":"(anonymous_7)","decl":{"start":{"line":33,"column":2},"end":{"line":33,"column":3}},"loc":{"start":{"line":33,"column":15},"end":{"line":35,"column":3}},"line":33},"8":{"name":"(anonymous_8)","decl":{"start":{"line":37,"column":2},"end":{"line":37,"column":3}},"loc":{"start":{"line":37,"column":24},"end":{"line":39,"column":3}},"line":37}},"branchMap":{},"s":{"0":0,"1":0,"2":0,"3":0,"4":0,"5":0,"6":0,"7":0,"8":0,"9":0,"10":0,"11":0},"f":{"0":0,"1":0,"2":0,"3":0,"4":0,"5":0,"6":0,"7":0,"8":0},"b":{},"_coverageSchema":"332fd63041d2c1bcb487cc26dd0d5f7d97098a6c","hash":"e1301a8d0c25302abfa0ef74343bdf6136dce860"}
,"/Users/lzcheung/Documents/Capstone/DnDCapstone/dmsite/frontend/src/home/ClassificationColumn/ClassificationColumn.jsx": {"path":"/Users/lzcheung/Documents/Capstone/DnDCapstone/dmsite/frontend/src/home/ClassificationColumn/ClassificationColumn.jsx","statementMap":{"0":{"start":{"line":11,"column":4},"end":{"line":11,"column":23}},"1":{"start":{"line":16,"column":4},"end":{"line":18,"column":6}},"2":{"start":{"line":17,"column":8},"end":{"line":17,"column":28}},"3":{"start":{"line":19,"column":4},"end":{"line":19,"column":14}},"4":{"start":{"line":23,"column":21},"end":{"line":23,"column":31}},"5":{"start":{"line":25,"column":4},"end":{"line":34,"column":7}},"6":{"start":{"line":26,"column":6},"end":{"line":33,"column":8}},"7":{"start":{"line":38,"column":4},"end":{"line":59,"column":6}},"8":{"start":{"line":63,"column":0},"end":{"line":65,"column":2}}},"fnMap":{"0":{"name":"(anonymous_0)","decl":{"start":{"line":10,"column":2},"end":{"line":10,"column":3}},"loc":{"start":{"line":10,"column":18},"end":{"line":12,"column":3}},"line":10},"1":{"name":"(anonymous_1)","decl":{"start":{"line":15,"column":2},"end":{"line":15,"column":3}},"loc":{"start":{"line":15,"column":19},"end":{"line":20,"column":3}},"line":15},"2":{"name":"(anonymous_2)","decl":{"start":{"line":22,"column":2},"end":{"line":22,"column":3}},"loc":{"start":{"line":22,"column":29},"end":{"line":35,"column":3}},"line":22},"3":{"name":"(anonymous_3)","decl":{"start":{"line":25,"column":36},"end":{"line":25,"column":37}},"loc":{"start":{"line":25,"column":52},"end":{"line":34,"column":5}},"line":25},"4":{"name":"(anonymous_4)","decl":{"start":{"line":37,"column":2},"end":{"line":37,"column":3}},"loc":{"start":{"line":37,"column":11},"end":{"line":60,"column":3}},"line":37}},"branchMap":{"0":{"loc":{"start":{"line":16,"column":4},"end":{"line":18,"column":6}},"type":"if","locations":[{"start":{"line":16,"column":4},"end":{"line":18,"column":6}},{"start":{"line":16,"column":4},"end":{"line":18,"column":6}}],"line":16}},"s":{"0":0,"1":1,"2":1,"3":0,"4":2,"5":2,"6":0,"7":2,"8":1},"f":{"0":0,"1":1,"2":2,"3":0,"4":2},"b":{"0":[1,0]},"_coverageSchema":"332fd63041d2c1bcb487cc26dd0d5f7d97098a6c","hash":"a3f91ad0ff27d3b8aca5215641acc06fd39346a0"}
}
