TN:
SF:/Users/lzcheung/Documents/Capstone/DnDCapstone/dmsite/frontend/src/CampaignPage/Campaign.jsx
FN:13,(anonymous_0)
FN:28,(anonymous_1)
FN:29,(anonymous_2)
FN:35,(anonymous_3)
FN:37,(anonymous_4)
FN:42,(anonymous_5)
FN:48,(anonymous_6)
FN:54,(anonymous_7)
FN:62,(anonymous_8)
FN:70,(anonymous_9)
FN:79,(anonymous_10)
FN:87,(anonymous_11)
FN:97,(anonymous_12)
FNF:13
FNH:5
FNDA:1,(anonymous_0)
FNDA:0,(anonymous_1)
FNDA:0,(anonymous_2)
FNDA:1,(anonymous_3)
FNDA:0,(anonymous_4)
FNDA:0,(anonymous_5)
FNDA:0,(anonymous_6)
FNDA:0,(anonymous_7)
FNDA:0,(anonymous_8)
FNDA:1,(anonymous_9)
FNDA:1,(anonymous_10)
FNDA:0,(anonymous_11)
FNDA:1,(anonymous_12)
DA:8,1
DA:9,1
DA:10,1
DA:14,1
DA:15,1
DA:23,1
DA:24,1
DA:25,1
DA:29,0
DA:36,1
DA:38,0
DA:39,0
DA:43,0
DA:49,0
DA:55,0
DA:56,0
DA:57,0
DA:58,0
DA:59,0
DA:63,0
DA:64,0
DA:66,0
DA:71,1
DA:72,0
DA:76,1
DA:80,1
DA:81,1
DA:82,1
DA:83,1
DA:84,0
DA:85,0
DA:87,0
DA:94,1
DA:98,1
LF:34
LH:17
BRDA:63,0,0,0
BRDA:63,0,1,0
BRDA:71,1,0,0
BRDA:71,1,1,1
BRF:4
BRH:1
end_of_record
TN:
SF:/Users/lzcheung/Documents/Capstone/DnDCapstone/dmsite/frontend/src/Model/FileObject.js
FN:2,(anonymous_0)
FN:9,(anonymous_1)
FN:13,(anonymous_2)
FN:17,(anonymous_3)
FN:21,(anonymous_4)
FN:25,(anonymous_5)
FN:29,(anonymous_6)
FN:33,(anonymous_7)
FN:37,(anonymous_8)
FNF:9
FNH:0
FNDA:0,(anonymous_0)
FNDA:0,(anonymous_1)
FNDA:0,(anonymous_2)
FNDA:0,(anonymous_3)
FNDA:0,(anonymous_4)
FNDA:0,(anonymous_5)
FNDA:0,(anonymous_6)
FNDA:0,(anonymous_7)
FNDA:0,(anonymous_8)
DA:3,0
DA:4,0
DA:5,0
DA:6,0
DA:10,0
DA:14,0
DA:18,0
DA:22,0
DA:26,0
DA:30,0
DA:34,0
DA:38,0
LF:12
LH:0
BRF:0
BRH:0
end_of_record
TN:
SF:/Users/lzcheung/Documents/Capstone/DnDCapstone/dmsite/frontend/src/home/ClassificationColumn/ClassificationColumn.jsx
FN:10,(anonymous_0)
FN:15,(anonymous_1)
FN:22,(anonymous_2)
FN:25,(anonymous_3)
FN:37,(anonymous_4)
FNF:5
FNH:3
FNDA:0,(anonymous_0)
FNDA:1,(anonymous_1)
FNDA:2,(anonymous_2)
FNDA:0,(anonymous_3)
FNDA:2,(anonymous_4)
DA:11,0
DA:16,1
DA:17,1
DA:19,0
DA:23,2
DA:25,2
DA:26,0
DA:38,2
DA:63,1
LF:9
LH:6
BRDA:16,0,0,1
BRDA:16,0,1,0
BRF:2
BRH:1
end_of_record
